<?xml version="1.0" encoding="UTF-8"?>
<!-- Generated by org.testng.reporters.JUnitReportReporter -->
<testsuite hostname="DESKTOP-LUPK89I" failures="0" tests="1" name="TestNGRunner.Test_Runner" time="12.194" errors="0" timestamp="9 May 2022 06:10:41 GMT">
  <testcase classname="TestNGRunner.Test_Runner" name="runScenario" time="12.194"/>
</testsuite> <!-- TestNGRunner.Test_Runner -->
